{"/Users/juanvargas/Desktop/reviewesFEC/Reviews/Server/app.js": {"path":"/Users/juanvargas/Desktop/reviewesFEC/Reviews/Server/app.js","statementMap":{"0":{"start":{"line":1,"column":16},"end":{"line":1,"column":34}},"1":{"start":{"line":2,"column":12},"end":{"line":2,"column":21}},"2":{"start":{"line":4,"column":19},"end":{"line":4,"column":41}},"3":{"start":{"line":5,"column":15},"end":{"line":5,"column":55}},"4":{"start":{"line":8,"column":0},"end":{"line":8,"column":26}},"5":{"start":{"line":10,"column":0},"end":{"line":10,"column":60}},"6":{"start":{"line":12,"column":0},"end":{"line":14,"column":2}},"7":{"start":{"line":13,"column":4},"end":{"line":13,"column":27}},"8":{"start":{"line":16,"column":0},"end":{"line":24,"column":2}},"9":{"start":{"line":17,"column":14},"end":{"line":17,"column":33}},"10":{"start":{"line":18,"column":4},"end":{"line":23,"column":6}},"11":{"start":{"line":19,"column":8},"end":{"line":21,"column":9}},"12":{"start":{"line":20,"column":12},"end":{"line":20,"column":28}},"13":{"start":{"line":22,"column":8},"end":{"line":22,"column":22}},"14":{"start":{"line":26,"column":0},"end":{"line":34,"column":2}},"15":{"start":{"line":27,"column":23},"end":{"line":27,"column":37}},"16":{"start":{"line":28,"column":4},"end":{"line":33,"column":6}},"17":{"start":{"line":29,"column":8},"end":{"line":31,"column":9}},"18":{"start":{"line":30,"column":12},"end":{"line":30,"column":71}},"19":{"start":{"line":32,"column":8},"end":{"line":32,"column":22}},"20":{"start":{"line":36,"column":0},"end":{"line":44,"column":2}},"21":{"start":{"line":37,"column":23},"end":{"line":37,"column":37}},"22":{"start":{"line":38,"column":4},"end":{"line":43,"column":6}},"23":{"start":{"line":39,"column":8},"end":{"line":41,"column":9}},"24":{"start":{"line":40,"column":12},"end":{"line":40,"column":71}},"25":{"start":{"line":42,"column":8},"end":{"line":42,"column":22}},"26":{"start":{"line":48,"column":0},"end":{"line":57,"column":2}},"27":{"start":{"line":49,"column":21},"end":{"line":49,"column":37}},"28":{"start":{"line":50,"column":4},"end":{"line":56,"column":6}},"29":{"start":{"line":52,"column":8},"end":{"line":52,"column":37}},"30":{"start":{"line":55,"column":8},"end":{"line":55,"column":43}},"31":{"start":{"line":62,"column":0},"end":{"line":83,"column":2}},"32":{"start":{"line":63,"column":20},"end":{"line":63,"column":44}},"33":{"start":{"line":64,"column":4},"end":{"line":82,"column":5}},"34":{"start":{"line":65,"column":8},"end":{"line":72,"column":10}},"35":{"start":{"line":66,"column":12},"end":{"line":71,"column":13}},"36":{"start":{"line":67,"column":16},"end":{"line":67,"column":42}},"37":{"start":{"line":68,"column":16},"end":{"line":68,"column":25}},"38":{"start":{"line":70,"column":16},"end":{"line":70,"column":34}},"39":{"start":{"line":74,"column":8},"end":{"line":81,"column":10}},"40":{"start":{"line":75,"column":12},"end":{"line":80,"column":13}},"41":{"start":{"line":76,"column":16},"end":{"line":76,"column":42}},"42":{"start":{"line":77,"column":16},"end":{"line":77,"column":25}},"43":{"start":{"line":79,"column":16},"end":{"line":79,"column":34}},"44":{"start":{"line":86,"column":0},"end":{"line":86,"column":21}}},"fnMap":{"0":{"name":"(anonymous_0)","decl":{"start":{"line":12,"column":13},"end":{"line":12,"column":14}},"loc":{"start":{"line":12,"column":27},"end":{"line":14,"column":1}},"line":12},"1":{"name":"(anonymous_1)","decl":{"start":{"line":16,"column":22},"end":{"line":16,"column":23}},"loc":{"start":{"line":16,"column":36},"end":{"line":24,"column":1}},"line":16},"2":{"name":"(anonymous_2)","decl":{"start":{"line":18,"column":33},"end":{"line":18,"column":34}},"loc":{"start":{"line":18,"column":48},"end":{"line":23,"column":5}},"line":18},"3":{"name":"(anonymous_3)","decl":{"start":{"line":26,"column":28},"end":{"line":26,"column":29}},"loc":{"start":{"line":26,"column":42},"end":{"line":34,"column":1}},"line":26},"4":{"name":"(anonymous_4)","decl":{"start":{"line":28,"column":38},"end":{"line":28,"column":39}},"loc":{"start":{"line":28,"column":53},"end":{"line":33,"column":5}},"line":28},"5":{"name":"(anonymous_5)","decl":{"start":{"line":36,"column":31},"end":{"line":36,"column":32}},"loc":{"start":{"line":36,"column":45},"end":{"line":44,"column":1}},"line":36},"6":{"name":"(anonymous_6)","decl":{"start":{"line":38,"column":44},"end":{"line":38,"column":45}},"loc":{"start":{"line":38,"column":59},"end":{"line":43,"column":5}},"line":38},"7":{"name":"(anonymous_7)","decl":{"start":{"line":48,"column":23},"end":{"line":48,"column":24}},"loc":{"start":{"line":48,"column":37},"end":{"line":57,"column":1}},"line":48},"8":{"name":"(anonymous_8)","decl":{"start":{"line":51,"column":10},"end":{"line":51,"column":11}},"loc":{"start":{"line":51,"column":16},"end":{"line":53,"column":5}},"line":51},"9":{"name":"(anonymous_9)","decl":{"start":{"line":54,"column":11},"end":{"line":54,"column":12}},"loc":{"start":{"line":54,"column":18},"end":{"line":56,"column":5}},"line":54},"10":{"name":"(anonymous_10)","decl":{"start":{"line":62,"column":24},"end":{"line":62,"column":25}},"loc":{"start":{"line":62,"column":38},"end":{"line":83,"column":1}},"line":62},"11":{"name":"(anonymous_11)","decl":{"start":{"line":65,"column":80},"end":{"line":65,"column":81}},"loc":{"start":{"line":65,"column":99},"end":{"line":72,"column":9}},"line":65},"12":{"name":"(anonymous_12)","decl":{"start":{"line":74,"column":79},"end":{"line":74,"column":80}},"loc":{"start":{"line":74,"column":98},"end":{"line":81,"column":9}},"line":74}},"branchMap":{"0":{"loc":{"start":{"line":19,"column":8},"end":{"line":21,"column":9}},"type":"if","locations":[{"start":{"line":19,"column":8},"end":{"line":21,"column":9}},{"start":{"line":19,"column":8},"end":{"line":21,"column":9}}],"line":19},"1":{"loc":{"start":{"line":29,"column":8},"end":{"line":31,"column":9}},"type":"if","locations":[{"start":{"line":29,"column":8},"end":{"line":31,"column":9}},{"start":{"line":29,"column":8},"end":{"line":31,"column":9}}],"line":29},"2":{"loc":{"start":{"line":39,"column":8},"end":{"line":41,"column":9}},"type":"if","locations":[{"start":{"line":39,"column":8},"end":{"line":41,"column":9}},{"start":{"line":39,"column":8},"end":{"line":41,"column":9}}],"line":39},"3":{"loc":{"start":{"line":64,"column":4},"end":{"line":82,"column":5}},"type":"if","locations":[{"start":{"line":64,"column":4},"end":{"line":82,"column":5}},{"start":{"line":64,"column":4},"end":{"line":82,"column":5}}],"line":64},"4":{"loc":{"start":{"line":66,"column":12},"end":{"line":71,"column":13}},"type":"if","locations":[{"start":{"line":66,"column":12},"end":{"line":71,"column":13}},{"start":{"line":66,"column":12},"end":{"line":71,"column":13}}],"line":66},"5":{"loc":{"start":{"line":75,"column":12},"end":{"line":80,"column":13}},"type":"if","locations":[{"start":{"line":75,"column":12},"end":{"line":80,"column":13}},{"start":{"line":75,"column":12},"end":{"line":80,"column":13}}],"line":75}},"s":{"0":1,"1":1,"2":1,"3":1,"4":1,"5":1,"6":1,"7":0,"8":1,"9":1,"10":1,"11":1,"12":0,"13":1,"14":1,"15":1,"16":1,"17":1,"18":0,"19":1,"20":1,"21":1,"22":1,"23":1,"24":0,"25":1,"26":1,"27":1,"28":1,"29":1,"30":0,"31":1,"32":1,"33":1,"34":1,"35":1,"36":0,"37":0,"38":1,"39":0,"40":0,"41":0,"42":0,"43":0,"44":1},"f":{"0":0,"1":1,"2":1,"3":1,"4":1,"5":1,"6":1,"7":1,"8":1,"9":0,"10":1,"11":1,"12":0},"b":{"0":[0,1],"1":[0,1],"2":[0,1],"3":[1,0],"4":[0,1],"5":[0,0]},"_coverageSchema":"1a1c01bbd47fc00a2c39e90264f33305004495a9","hash":"62877342844adf3862fb95e3b828bba5f03f7cdf"}
,"/Users/juanvargas/Desktop/reviewesFEC/Reviews/Test/mocks.js": {"path":"/Users/juanvargas/Desktop/reviewesFEC/Reviews/Test/mocks.js","statementMap":{"0":{"start":{"line":1,"column":17},"end":{"line":16,"column":1}},"1":{"start":{"line":2,"column":4},"end":{"line":15,"column":13}},"2":{"start":{"line":18,"column":0},"end":{"line":18,"column":26}}},"fnMap":{"0":{"name":"(anonymous_0)","decl":{"start":{"line":1,"column":17},"end":{"line":1,"column":18}},"loc":{"start":{"line":1,"column":23},"end":{"line":16,"column":1}},"line":1}},"branchMap":{},"s":{"0":1,"1":1,"2":1},"f":{"0":1},"b":{},"_coverageSchema":"1a1c01bbd47fc00a2c39e90264f33305004495a9","hash":"c70a02dacfc6dc9b3647925fb56bddd981ed2c6f"}
,"/Users/juanvargas/Desktop/reviewesFEC/Reviews/database-mongodb/Review.js": {"path":"/Users/juanvargas/Desktop/reviewesFEC/Reviews/database-mongodb/Review.js","statementMap":{"0":{"start":{"line":1,"column":17},"end":{"line":1,"column":36}},"1":{"start":{"line":2,"column":11},"end":{"line":2,"column":32}},"2":{"start":{"line":3,"column":0},"end":{"line":3,"column":34}},"3":{"start":{"line":5,"column":21},"end":{"line":42,"column":1}},"4":{"start":{"line":44,"column":15},"end":{"line":44,"column":53}},"5":{"start":{"line":46,"column":0},"end":{"line":46,"column":24}}},"fnMap":{},"branchMap":{},"s":{"0":1,"1":1,"2":1,"3":1,"4":1,"5":1},"f":{},"b":{},"_coverageSchema":"1a1c01bbd47fc00a2c39e90264f33305004495a9","hash":"1d6f80127eb6b9ce67c51ef1d0dce9d05d6d5123"}
,"/Users/juanvargas/Desktop/reviewesFEC/Reviews/database-mongodb/index.js": {"path":"/Users/juanvargas/Desktop/reviewesFEC/Reviews/database-mongodb/index.js","statementMap":{"0":{"start":{"line":1,"column":17},"end":{"line":1,"column":36}},"1":{"start":{"line":2,"column":17},"end":{"line":2,"column":53}},"2":{"start":{"line":3,"column":16},"end":{"line":13,"column":3}},"3":{"start":{"line":15,"column":11},"end":{"line":15,"column":46}},"4":{"start":{"line":17,"column":0},"end":{"line":17,"column":20}}},"fnMap":{},"branchMap":{},"s":{"0":1,"1":1,"2":1,"3":1,"4":1},"f":{},"b":{},"_coverageSchema":"1a1c01bbd47fc00a2c39e90264f33305004495a9","hash":"cca4df74ca05447bdf1d274175c2ad845a8fe3eb"}
}
