TN:
SF:Server/app.js
FN:12,(anonymous_0)
FN:16,(anonymous_1)
FN:18,(anonymous_2)
FN:26,(anonymous_3)
FN:28,(anonymous_4)
FN:36,(anonymous_5)
FN:38,(anonymous_6)
FN:48,(anonymous_7)
FN:51,(anonymous_8)
FN:54,(anonymous_9)
FN:62,(anonymous_10)
FN:65,(anonymous_11)
FN:74,(anonymous_12)
FNF:13
FNH:10
FNDA:0,(anonymous_0)
FNDA:1,(anonymous_1)
FNDA:1,(anonymous_2)
FNDA:1,(anonymous_3)
FNDA:1,(anonymous_4)
FNDA:1,(anonymous_5)
FNDA:1,(anonymous_6)
FNDA:1,(anonymous_7)
FNDA:1,(anonymous_8)
FNDA:0,(anonymous_9)
FNDA:1,(anonymous_10)
FNDA:1,(anonymous_11)
FNDA:0,(anonymous_12)
DA:1,1
DA:2,1
DA:4,1
DA:5,1
DA:8,1
DA:10,1
DA:12,1
DA:13,0
DA:16,1
DA:17,1
DA:18,1
DA:19,1
DA:20,0
DA:22,1
DA:26,1
DA:27,1
DA:28,1
DA:29,1
DA:30,0
DA:32,1
DA:36,1
DA:37,1
DA:38,1
DA:39,1
DA:40,0
DA:42,1
DA:48,1
DA:49,1
DA:50,1
DA:52,1
DA:55,0
DA:62,1
DA:63,1
DA:64,1
DA:65,1
DA:66,1
DA:67,0
DA:68,0
DA:70,1
DA:74,0
DA:75,0
DA:76,0
DA:77,0
DA:79,0
DA:86,1
LF:45
LH:33
BRDA:19,0,0,0
BRDA:19,0,1,1
BRDA:29,1,0,0
BRDA:29,1,1,1
BRDA:39,2,0,0
BRDA:39,2,1,1
BRDA:64,3,0,1
BRDA:64,3,1,0
BRDA:66,4,0,0
BRDA:66,4,1,1
BRDA:75,5,0,0
BRDA:75,5,1,0
BRF:12
BRH:5
end_of_record
TN:
SF:Test/mocks.js
FN:1,(anonymous_0)
FNF:1
FNH:1
FNDA:1,(anonymous_0)
DA:1,1
DA:2,1
DA:18,1
LF:3
LH:3
BRF:0
BRH:0
end_of_record
TN:
SF:database-mongodb/Review.js
FNF:0
FNH:0
DA:1,1
DA:2,1
DA:3,1
DA:5,1
DA:44,1
DA:46,1
LF:6
LH:6
BRF:0
BRH:0
end_of_record
TN:
SF:database-mongodb/index.js
FNF:0
FNH:0
DA:1,1
DA:2,1
DA:3,1
DA:15,1
DA:17,1
LF:5
LH:5
BRF:0
BRH:0
end_of_record
